2022-12-21 00:49:41,226:DEBUG::
2022-12-21 00:49:41,227:DEBUG::====================================================================================================
2022-12-21 00:49:41,227:INFO::Blog Forms Section :: Logging Active
2022-12-21 00:49:41,228:DEBUG::
2022-12-21 00:50:58,080:DEBUG::
2022-12-21 00:50:58,081:DEBUG::====================================================================================================
2022-12-21 00:50:58,081:INFO::Blog Forms Section :: Logging Active
2022-12-21 00:50:58,082:DEBUG::
2022-12-21 00:50:59,260:DEBUG::
2022-12-21 00:50:59,261:DEBUG::====================================================================================================
2022-12-21 00:50:59,261:INFO::Blog Forms Section :: Logging Active
2022-12-21 00:50:59,264:DEBUG::
2022-12-21 00:51:34,048:DEBUG::
2022-12-21 00:51:34,048:DEBUG::====================================================================================================
2022-12-21 00:51:34,049:INFO::Blog Forms Section :: Logging Active
2022-12-21 00:51:34,049:DEBUG::
2022-12-21 00:55:35,801:DEBUG::
2022-12-21 00:55:35,802:DEBUG::====================================================================================================
2022-12-21 00:55:35,802:INFO::Blog Forms Section :: Logging Active
2022-12-21 00:55:35,802:DEBUG::
2022-12-21 02:13:31,289:DEBUG::Error: Unable to verify blogger email availability
2022-12-21 02:14:09,391:DEBUG::Error: Unable to verify blogger email availability
2022-12-21 02:15:20,764:DEBUG::
2022-12-21 02:15:20,764:DEBUG::====================================================================================================
2022-12-21 02:15:20,764:INFO::Blog Forms Section :: Logging Active
2022-12-21 02:15:20,765:DEBUG::
2022-12-21 02:29:27,446:DEBUG::
2022-12-21 02:29:27,446:DEBUG::====================================================================================================
2022-12-21 02:29:27,446:INFO::Blog Forms Section :: Logging Active
2022-12-21 02:29:27,447:DEBUG::
2022-12-21 02:29:35,597:DEBUG::
2022-12-21 02:29:35,597:DEBUG::====================================================================================================
2022-12-21 02:29:35,598:INFO::Blog Forms Section :: Logging Active
2022-12-21 02:29:35,598:DEBUG::
2022-12-21 23:11:16,028:DEBUG::
2022-12-21 23:11:16,029:DEBUG::====================================================================================================
2022-12-21 23:11:16,029:INFO::Blog Forms Section :: Logging Active
2022-12-21 23:11:16,029:DEBUG::
2022-12-21 23:12:22,982:DEBUG::
2022-12-21 23:12:22,983:DEBUG::====================================================================================================
2022-12-21 23:12:22,983:INFO::Blog Forms Section :: Logging Active
2022-12-21 23:12:22,984:DEBUG::
2022-12-21 23:14:04,073:DEBUG::
2022-12-21 23:14:04,073:DEBUG::====================================================================================================
2022-12-21 23:14:04,074:INFO::Blog Forms Section :: Logging Active
2022-12-21 23:14:04,074:DEBUG::
2022-12-21 23:29:40,163:DEBUG::
2022-12-21 23:29:40,163:DEBUG::====================================================================================================
2022-12-21 23:29:40,164:INFO::Blog Forms Section :: Logging Active
2022-12-21 23:29:40,164:DEBUG::
2022-12-21 23:34:35,286:DEBUG::
2022-12-21 23:34:35,287:DEBUG::====================================================================================================
2022-12-21 23:34:35,287:INFO::Blog Forms Section :: Logging Active
2022-12-21 23:34:35,288:DEBUG::
2022-12-21 23:34:36,469:DEBUG::
2022-12-21 23:34:36,470:DEBUG::====================================================================================================
2022-12-21 23:34:36,470:INFO::Blog Forms Section :: Logging Active
2022-12-21 23:34:36,470:DEBUG::
2022-12-21 23:41:21,342:DEBUG::Error: Unable to verify blogger email availability
2022-12-21 23:45:20,740:DEBUG::Error: Unable to verify blogger email availability
2022-12-21 23:48:54,391:DEBUG::
2022-12-21 23:48:54,391:DEBUG::====================================================================================================
2022-12-21 23:48:54,392:INFO::Blog Forms Section :: Logging Active
2022-12-21 23:48:54,392:DEBUG::
2022-12-21 23:49:51,850:DEBUG::
2022-12-21 23:49:51,851:DEBUG::====================================================================================================
2022-12-21 23:49:51,851:INFO::Blog Forms Section :: Logging Active
2022-12-21 23:49:51,852:DEBUG::
2022-12-21 23:54:14,571:DEBUG::
2022-12-21 23:54:14,572:DEBUG::====================================================================================================
2022-12-21 23:54:14,572:INFO::Blog Forms Section :: Logging Active
2022-12-21 23:54:14,573:DEBUG::
2022-12-22 00:00:32,420:DEBUG::
2022-12-22 00:00:32,421:DEBUG::====================================================================================================
2022-12-22 00:00:32,421:INFO::Blog Forms Section :: Logging Active
2022-12-22 00:00:32,421:DEBUG::
2022-12-22 00:28:03,529:DEBUG::
2022-12-22 00:28:03,529:DEBUG::====================================================================================================
2022-12-22 00:28:03,529:INFO::Blog Forms Section :: Logging Active
2022-12-22 00:28:03,530:DEBUG::
2022-12-22 00:32:44,636:DEBUG::
2022-12-22 00:32:44,636:DEBUG::====================================================================================================
2022-12-22 00:32:44,637:INFO::Blog Forms Section :: Logging Active
2022-12-22 00:32:44,637:DEBUG::
2022-12-22 00:32:45,957:DEBUG::
2022-12-22 00:32:45,957:DEBUG::====================================================================================================
2022-12-22 00:32:45,958:INFO::Blog Forms Section :: Logging Active
2022-12-22 00:32:45,959:DEBUG::
2022-12-22 00:34:03,391:DEBUG::
2022-12-22 00:34:03,392:DEBUG::====================================================================================================
2022-12-22 00:34:03,392:INFO::Blog Forms Section :: Logging Active
2022-12-22 00:34:03,393:DEBUG::
2022-12-22 00:44:17,996:DEBUG::
2022-12-22 00:44:17,996:DEBUG::====================================================================================================
2022-12-22 00:44:17,997:INFO::Blog Forms Section :: Logging Active
2022-12-22 00:44:17,997:DEBUG::
2022-12-22 00:46:19,358:DEBUG::
2022-12-22 00:46:19,359:DEBUG::====================================================================================================
2022-12-22 00:46:19,359:INFO::Blog Forms Section :: Logging Active
2022-12-22 00:46:19,360:DEBUG::
2022-12-22 00:47:29,548:DEBUG::
2022-12-22 00:47:29,548:DEBUG::====================================================================================================
2022-12-22 00:47:29,549:INFO::Blog Forms Section :: Logging Active
2022-12-22 00:47:29,549:DEBUG::
2022-12-22 00:47:43,196:DEBUG::
2022-12-22 00:47:43,196:DEBUG::====================================================================================================
2022-12-22 00:47:43,196:INFO::Blog Forms Section :: Logging Active
2022-12-22 00:47:43,197:DEBUG::
2022-12-22 00:48:12,730:DEBUG::
2022-12-22 00:48:12,730:DEBUG::====================================================================================================
2022-12-22 00:48:12,731:INFO::Blog Forms Section :: Logging Active
2022-12-22 00:48:12,731:DEBUG::
2022-12-22 00:48:30,783:DEBUG::
2022-12-22 00:48:30,784:DEBUG::====================================================================================================
2022-12-22 00:48:30,784:INFO::Blog Forms Section :: Logging Active
2022-12-22 00:48:30,784:DEBUG::
2022-12-22 00:52:48,187:DEBUG::
2022-12-22 00:52:48,187:DEBUG::====================================================================================================
2022-12-22 00:52:48,187:INFO::Blog Forms Section :: Logging Active
2022-12-22 00:52:48,188:DEBUG::
2022-12-22 00:53:03,811:DEBUG::
2022-12-22 00:53:03,812:DEBUG::====================================================================================================
2022-12-22 00:53:03,812:INFO::Blog Forms Section :: Logging Active
2022-12-22 00:53:03,813:DEBUG::
2022-12-22 00:53:28,422:DEBUG::
2022-12-22 00:53:28,422:DEBUG::====================================================================================================
2022-12-22 00:53:28,423:INFO::Blog Forms Section :: Logging Active
2022-12-22 00:53:28,423:DEBUG::
2022-12-22 00:58:56,941:DEBUG::
2022-12-22 00:58:56,941:DEBUG::====================================================================================================
2022-12-22 00:58:56,942:INFO::Blog Forms Section :: Logging Active
2022-12-22 00:58:56,942:DEBUG::
2022-12-22 00:59:07,552:DEBUG::
2022-12-22 00:59:07,552:DEBUG::====================================================================================================
2022-12-22 00:59:07,552:INFO::Blog Forms Section :: Logging Active
2022-12-22 00:59:07,552:DEBUG::
2022-12-22 04:00:53,115:DEBUG::
2022-12-22 04:00:53,116:DEBUG::====================================================================================================
2022-12-22 04:00:53,116:INFO::Blog Forms Section :: Logging Active
2022-12-22 04:00:53,116:DEBUG::
2022-12-22 04:00:54,381:DEBUG::
2022-12-22 04:00:54,381:DEBUG::====================================================================================================
2022-12-22 04:00:54,382:INFO::Blog Forms Section :: Logging Active
2022-12-22 04:00:54,382:DEBUG::
2022-12-22 04:03:15,455:DEBUG::
2022-12-22 04:03:15,455:DEBUG::====================================================================================================
2022-12-22 04:03:15,456:INFO::Blog Forms Section :: Logging Active
2022-12-22 04:03:15,456:DEBUG::
2022-12-22 04:03:16,729:DEBUG::
2022-12-22 04:03:16,729:DEBUG::====================================================================================================
2022-12-22 04:03:16,730:INFO::Blog Forms Section :: Logging Active
2022-12-22 04:03:16,730:DEBUG::
2022-12-22 04:36:11,719:DEBUG::
2022-12-22 04:36:11,720:DEBUG::====================================================================================================
2022-12-22 04:36:11,720:INFO::Blog Forms Section :: Logging Active
2022-12-22 04:36:11,720:DEBUG::
2022-12-22 04:38:25,784:DEBUG::Error: Email is already in use
2022-12-22 04:42:54,004:DEBUG::
2022-12-22 04:42:54,005:DEBUG::====================================================================================================
2022-12-22 04:42:54,005:INFO::Blog Forms Section :: Logging Active
2022-12-22 04:42:54,006:DEBUG::
2022-12-22 04:43:02,419:DEBUG::
2022-12-22 04:43:02,419:DEBUG::====================================================================================================
2022-12-22 04:43:02,419:INFO::Blog Forms Section :: Logging Active
2022-12-22 04:43:02,420:DEBUG::
2022-12-22 04:43:13,916:DEBUG::
2022-12-22 04:43:13,916:DEBUG::====================================================================================================
2022-12-22 04:43:13,916:INFO::Blog Forms Section :: Logging Active
2022-12-22 04:43:13,917:DEBUG::
2022-12-22 04:43:25,414:DEBUG::
2022-12-22 04:43:25,414:DEBUG::====================================================================================================
2022-12-22 04:43:25,414:INFO::Blog Forms Section :: Logging Active
2022-12-22 04:43:25,415:DEBUG::
2022-12-22 04:44:24,514:DEBUG::
2022-12-22 04:44:24,514:DEBUG::====================================================================================================
2022-12-22 04:44:24,515:INFO::Blog Forms Section :: Logging Active
2022-12-22 04:44:24,515:DEBUG::
2022-12-22 23:25:52,735:DEBUG::
2022-12-22 23:25:52,735:DEBUG::====================================================================================================
2022-12-22 23:25:52,736:INFO::Blog Forms Section :: Logging Active
2022-12-22 23:25:52,736:DEBUG::
2022-12-22 23:29:11,647:DEBUG::
2022-12-22 23:29:11,648:DEBUG::====================================================================================================
2022-12-22 23:29:11,648:INFO::Blog Forms Section :: Logging Active
2022-12-22 23:29:11,649:DEBUG::
2022-12-22 23:29:24,881:DEBUG::
2022-12-22 23:29:24,881:DEBUG::====================================================================================================
2022-12-22 23:29:24,882:INFO::Blog Forms Section :: Logging Active
2022-12-22 23:29:24,882:DEBUG::
2022-12-22 23:46:56,500:DEBUG::
2022-12-22 23:46:56,500:DEBUG::====================================================================================================
2022-12-22 23:46:56,501:INFO::Blog Forms Section :: Logging Active
2022-12-22 23:46:56,501:DEBUG::
2022-12-22 23:47:14,711:DEBUG::
2022-12-22 23:47:14,711:DEBUG::====================================================================================================
2022-12-22 23:47:14,712:INFO::Blog Forms Section :: Logging Active
2022-12-22 23:47:14,712:DEBUG::
2022-12-22 23:47:47,293:DEBUG::
2022-12-22 23:47:47,294:DEBUG::====================================================================================================
2022-12-22 23:47:47,294:INFO::Blog Forms Section :: Logging Active
2022-12-22 23:47:47,295:DEBUG::
2022-12-22 23:47:57,571:DEBUG::
2022-12-22 23:47:57,571:DEBUG::====================================================================================================
2022-12-22 23:47:57,572:INFO::Blog Forms Section :: Logging Active
2022-12-22 23:47:57,572:DEBUG::
2022-12-22 23:49:26,307:DEBUG::
2022-12-22 23:49:26,307:DEBUG::====================================================================================================
2022-12-22 23:49:26,307:INFO::Blog Forms Section :: Logging Active
2022-12-22 23:49:26,307:DEBUG::
2022-12-22 23:49:27,518:DEBUG::
2022-12-22 23:49:27,519:DEBUG::====================================================================================================
2022-12-22 23:49:27,519:INFO::Blog Forms Section :: Logging Active
2022-12-22 23:49:27,520:DEBUG::
2022-12-22 23:51:04,197:DEBUG::
2022-12-22 23:51:04,197:DEBUG::====================================================================================================
2022-12-22 23:51:04,197:INFO::Blog Forms Section :: Logging Active
2022-12-22 23:51:04,198:DEBUG::
2022-12-22 23:51:38,273:DEBUG::
2022-12-22 23:51:38,274:DEBUG::====================================================================================================
2022-12-22 23:51:38,274:INFO::Blog Forms Section :: Logging Active
2022-12-22 23:51:38,275:DEBUG::
2022-12-22 23:52:59,571:DEBUG::
2022-12-22 23:52:59,571:DEBUG::====================================================================================================
2022-12-22 23:52:59,571:INFO::Blog Forms Section :: Logging Active
2022-12-22 23:52:59,572:DEBUG::
2022-12-22 23:53:50,225:DEBUG::
2022-12-22 23:53:50,225:DEBUG::====================================================================================================
2022-12-22 23:53:50,226:INFO::Blog Forms Section :: Logging Active
2022-12-22 23:53:50,226:DEBUG::
2022-12-23 00:12:00,264:DEBUG::
2022-12-23 00:12:00,265:DEBUG::====================================================================================================
2022-12-23 00:12:00,265:INFO::Blog Forms Section :: Logging Active
2022-12-23 00:12:00,266:DEBUG::
2022-12-23 00:12:11,802:DEBUG::
2022-12-23 00:12:11,802:DEBUG::====================================================================================================
2022-12-23 00:12:11,803:INFO::Blog Forms Section :: Logging Active
2022-12-23 00:12:11,804:DEBUG::
2022-12-23 00:12:30,612:DEBUG::
2022-12-23 00:12:30,613:DEBUG::====================================================================================================
2022-12-23 00:12:30,613:INFO::Blog Forms Section :: Logging Active
2022-12-23 00:12:30,614:DEBUG::
2022-12-23 00:16:30,653:DEBUG::
2022-12-23 00:16:30,653:DEBUG::====================================================================================================
2022-12-23 00:16:30,654:INFO::Blog Forms Section :: Logging Active
2022-12-23 00:16:30,654:DEBUG::
2022-12-23 00:20:28,552:DEBUG::
2022-12-23 00:20:28,552:DEBUG::====================================================================================================
2022-12-23 00:20:28,552:INFO::Blog Forms Section :: Logging Active
2022-12-23 00:20:28,552:DEBUG::
2022-12-23 00:47:18,077:DEBUG::
2022-12-23 00:47:18,077:DEBUG::====================================================================================================
2022-12-23 00:47:18,078:INFO::Blog Forms Section :: Logging Active
2022-12-23 00:47:18,078:DEBUG::
2022-12-23 00:47:41,456:DEBUG::
2022-12-23 00:47:41,457:DEBUG::====================================================================================================
2022-12-23 00:47:41,457:INFO::Blog Forms Section :: Logging Active
2022-12-23 00:47:41,457:DEBUG::
2022-12-23 00:47:42,661:DEBUG::
2022-12-23 00:47:42,661:DEBUG::====================================================================================================
2022-12-23 00:47:42,661:INFO::Blog Forms Section :: Logging Active
2022-12-23 00:47:42,661:DEBUG::
2022-12-23 00:55:19,806:DEBUG::
2022-12-23 00:55:19,806:DEBUG::====================================================================================================
2022-12-23 00:55:19,807:INFO::Blog Forms Section :: Logging Active
2022-12-23 00:55:19,807:DEBUG::
2022-12-23 00:56:09,280:DEBUG::
2022-12-23 00:56:09,280:DEBUG::====================================================================================================
2022-12-23 00:56:09,281:INFO::Blog Forms Section :: Logging Active
2022-12-23 00:56:09,281:DEBUG::
2022-12-23 00:56:24,967:DEBUG::
2022-12-23 00:56:24,967:DEBUG::====================================================================================================
2022-12-23 00:56:24,968:INFO::Blog Forms Section :: Logging Active
2022-12-23 00:56:24,969:DEBUG::
2022-12-23 00:56:51,936:DEBUG::
2022-12-23 00:56:51,937:DEBUG::====================================================================================================
2022-12-23 00:56:51,937:INFO::Blog Forms Section :: Logging Active
2022-12-23 00:56:51,938:DEBUG::
2022-12-23 00:57:00,462:DEBUG::
2022-12-23 00:57:00,462:DEBUG::====================================================================================================
2022-12-23 00:57:00,463:INFO::Blog Forms Section :: Logging Active
2022-12-23 00:57:00,463:DEBUG::
2022-12-23 00:58:34,009:DEBUG::
2022-12-23 00:58:34,009:DEBUG::====================================================================================================
2022-12-23 00:58:34,010:INFO::Blog Forms Section :: Logging Active
2022-12-23 00:58:34,010:DEBUG::
2022-12-23 00:58:44,487:DEBUG::
2022-12-23 00:58:44,487:DEBUG::====================================================================================================
2022-12-23 00:58:44,488:INFO::Blog Forms Section :: Logging Active
2022-12-23 00:58:44,488:DEBUG::
2022-12-23 01:00:44,663:DEBUG::
2022-12-23 01:00:44,663:DEBUG::====================================================================================================
2022-12-23 01:00:44,663:INFO::Blog Forms Section :: Logging Active
2022-12-23 01:00:44,664:DEBUG::
2022-12-23 01:01:51,428:DEBUG::
2022-12-23 01:01:51,428:DEBUG::====================================================================================================
2022-12-23 01:01:51,429:INFO::Blog Forms Section :: Logging Active
2022-12-23 01:01:51,429:DEBUG::
2022-12-23 01:03:38,097:DEBUG::
2022-12-23 01:03:38,098:DEBUG::====================================================================================================
2022-12-23 01:03:38,098:INFO::Blog Forms Section :: Logging Active
2022-12-23 01:03:38,099:DEBUG::
2022-12-23 01:04:52,080:DEBUG::
2022-12-23 01:04:52,080:DEBUG::====================================================================================================
2022-12-23 01:04:52,081:INFO::Blog Forms Section :: Logging Active
2022-12-23 01:04:52,081:DEBUG::
2022-12-23 01:05:12,996:DEBUG::
2022-12-23 01:05:12,996:DEBUG::====================================================================================================
2022-12-23 01:05:12,997:INFO::Blog Forms Section :: Logging Active
2022-12-23 01:05:12,997:DEBUG::
2022-12-23 01:12:30,470:DEBUG::
2022-12-23 01:12:30,471:DEBUG::====================================================================================================
2022-12-23 01:12:30,471:INFO::Blog Forms Section :: Logging Active
2022-12-23 01:12:30,472:DEBUG::
2022-12-23 01:14:24,538:DEBUG::
2022-12-23 01:14:24,538:DEBUG::====================================================================================================
2022-12-23 01:14:24,539:INFO::Blog Forms Section :: Logging Active
2022-12-23 01:14:24,539:DEBUG::
2022-12-23 01:14:30,070:DEBUG::
2022-12-23 01:14:30,070:DEBUG::====================================================================================================
2022-12-23 01:14:30,071:INFO::Blog Forms Section :: Logging Active
2022-12-23 01:14:30,071:DEBUG::
2022-12-23 01:16:22,027:DEBUG::
2022-12-23 01:16:22,027:DEBUG::====================================================================================================
2022-12-23 01:16:22,027:INFO::Blog Forms Section :: Logging Active
2022-12-23 01:16:22,028:DEBUG::
2022-12-23 01:18:48,879:DEBUG::
2022-12-23 01:18:48,879:DEBUG::====================================================================================================
2022-12-23 01:18:48,880:INFO::Blog Forms Section :: Logging Active
2022-12-23 01:18:48,880:DEBUG::
2022-12-23 01:19:46,941:DEBUG::
2022-12-23 01:19:46,941:DEBUG::====================================================================================================
2022-12-23 01:19:46,942:INFO::Blog Forms Section :: Logging Active
2022-12-23 01:19:46,942:DEBUG::
2022-12-23 01:19:48,219:DEBUG::
2022-12-23 01:19:48,219:DEBUG::====================================================================================================
2022-12-23 01:19:48,220:INFO::Blog Forms Section :: Logging Active
2022-12-23 01:19:48,220:DEBUG::
2022-12-23 03:54:01,243:DEBUG::
2022-12-23 03:54:01,244:DEBUG::====================================================================================================
2022-12-23 03:54:01,244:INFO::Blog Forms Section :: Logging Active
2022-12-23 03:54:01,245:DEBUG::
2022-12-23 03:54:08,850:DEBUG::
2022-12-23 03:54:08,850:DEBUG::====================================================================================================
2022-12-23 03:54:08,851:INFO::Blog Forms Section :: Logging Active
2022-12-23 03:54:08,851:DEBUG::
2022-12-23 04:00:08,537:DEBUG::
2022-12-23 04:00:08,538:DEBUG::====================================================================================================
2022-12-23 04:00:08,538:INFO::Blog Forms Section :: Logging Active
2022-12-23 04:00:08,539:DEBUG::
2022-12-23 04:00:45,762:DEBUG::
2022-12-23 04:00:45,762:DEBUG::====================================================================================================
2022-12-23 04:00:45,762:INFO::Blog Forms Section :: Logging Active
2022-12-23 04:00:45,763:DEBUG::
2022-12-23 04:03:35,116:DEBUG::
2022-12-23 04:03:35,116:DEBUG::====================================================================================================
2022-12-23 04:03:35,117:INFO::Blog Forms Section :: Logging Active
2022-12-23 04:03:35,117:DEBUG::
2022-12-23 04:04:48,320:DEBUG::
2022-12-23 04:04:48,320:DEBUG::====================================================================================================
2022-12-23 04:04:48,321:INFO::Blog Forms Section :: Logging Active
2022-12-23 04:04:48,321:DEBUG::
2022-12-23 04:07:48,968:DEBUG::
2022-12-23 04:07:48,968:DEBUG::====================================================================================================
2022-12-23 04:07:48,969:INFO::Blog Forms Section :: Logging Active
2022-12-23 04:07:48,969:DEBUG::
2022-12-23 04:08:08,792:DEBUG::
2022-12-23 04:08:08,792:DEBUG::====================================================================================================
2022-12-23 04:08:08,793:INFO::Blog Forms Section :: Logging Active
2022-12-23 04:08:08,793:DEBUG::
2022-12-23 04:09:23,988:DEBUG::
2022-12-23 04:09:23,989:DEBUG::====================================================================================================
2022-12-23 04:09:23,989:INFO::Blog Forms Section :: Logging Active
2022-12-23 04:09:23,990:DEBUG::
2022-12-23 04:09:45,712:DEBUG::
2022-12-23 04:09:45,712:DEBUG::====================================================================================================
2022-12-23 04:09:45,713:INFO::Blog Forms Section :: Logging Active
2022-12-23 04:09:45,713:DEBUG::
2022-12-23 04:10:05,776:DEBUG::
2022-12-23 04:10:05,776:DEBUG::====================================================================================================
2022-12-23 04:10:05,777:INFO::Blog Forms Section :: Logging Active
2022-12-23 04:10:05,777:DEBUG::
2022-12-23 04:10:07,115:DEBUG::
2022-12-23 04:10:07,116:DEBUG::====================================================================================================
2022-12-23 04:10:07,116:INFO::Blog Forms Section :: Logging Active
2022-12-23 04:10:07,117:DEBUG::
2022-12-23 04:11:14,087:DEBUG::
2022-12-23 04:11:14,087:DEBUG::====================================================================================================
2022-12-23 04:11:14,088:INFO::Blog Forms Section :: Logging Active
2022-12-23 04:11:14,088:DEBUG::
2022-12-23 04:12:08,692:DEBUG::
2022-12-23 04:12:08,692:DEBUG::====================================================================================================
2022-12-23 04:12:08,692:INFO::Blog Forms Section :: Logging Active
2022-12-23 04:12:08,693:DEBUG::
2022-12-23 04:17:16,181:DEBUG::
2022-12-23 04:17:16,182:DEBUG::====================================================================================================
2022-12-23 04:17:16,182:INFO::Blog Forms Section :: Logging Active
2022-12-23 04:17:16,183:DEBUG::
2022-12-23 04:17:32,934:DEBUG::
2022-12-23 04:17:32,934:DEBUG::====================================================================================================
2022-12-23 04:17:32,935:INFO::Blog Forms Section :: Logging Active
2022-12-23 04:17:32,935:DEBUG::
2022-12-23 04:17:35,331:DEBUG::
2022-12-23 04:17:35,332:DEBUG::====================================================================================================
2022-12-23 04:17:35,332:INFO::Blog Forms Section :: Logging Active
2022-12-23 04:17:35,333:DEBUG::
2022-12-23 04:19:02,834:DEBUG::
2022-12-23 04:19:02,835:DEBUG::====================================================================================================
2022-12-23 04:19:02,835:INFO::Blog Forms Section :: Logging Active
2022-12-23 04:19:02,835:DEBUG::
2022-12-23 04:19:09,260:DEBUG::
2022-12-23 04:19:09,261:DEBUG::====================================================================================================
2022-12-23 04:19:09,261:INFO::Blog Forms Section :: Logging Active
2022-12-23 04:19:09,262:DEBUG::
2022-12-23 04:25:37,162:DEBUG::
2022-12-23 04:25:37,162:DEBUG::====================================================================================================
2022-12-23 04:25:37,163:INFO::Blog Forms Section :: Logging Active
2022-12-23 04:25:37,163:DEBUG::
2022-12-23 04:27:48,550:DEBUG::
2022-12-23 04:27:48,551:DEBUG::====================================================================================================
2022-12-23 04:27:48,551:INFO::Blog Forms Section :: Logging Active
2022-12-23 04:27:48,551:DEBUG::
2022-12-23 04:33:49,384:DEBUG::
2022-12-23 04:33:49,385:DEBUG::====================================================================================================
2022-12-23 04:33:49,385:INFO::Blog Forms Section :: Logging Active
2022-12-23 04:33:49,386:DEBUG::
2022-12-23 04:34:21,405:DEBUG::
2022-12-23 04:34:21,405:DEBUG::====================================================================================================
2022-12-23 04:34:21,406:INFO::Blog Forms Section :: Logging Active
2022-12-23 04:34:21,406:DEBUG::
2022-12-23 04:35:24,184:DEBUG::
2022-12-23 04:35:24,184:DEBUG::====================================================================================================
2022-12-23 04:35:24,185:INFO::Blog Forms Section :: Logging Active
2022-12-23 04:35:24,185:DEBUG::
2022-12-23 04:38:08,242:DEBUG::
2022-12-23 04:38:08,242:DEBUG::====================================================================================================
2022-12-23 04:38:08,243:INFO::Blog Forms Section :: Logging Active
2022-12-23 04:38:08,243:DEBUG::
2022-12-23 04:39:03,840:DEBUG::
2022-12-23 04:39:03,841:DEBUG::====================================================================================================
2022-12-23 04:39:03,841:INFO::Blog Forms Section :: Logging Active
2022-12-23 04:39:03,842:DEBUG::
2022-12-23 13:25:23,613:DEBUG::
2022-12-23 13:25:23,614:DEBUG::====================================================================================================
2022-12-23 13:25:23,614:INFO::Blog Forms Section :: Logging Active
2022-12-23 13:25:23,615:DEBUG::
2022-12-23 13:25:56,693:DEBUG::
2022-12-23 13:25:56,693:DEBUG::====================================================================================================
2022-12-23 13:25:56,694:INFO::Blog Forms Section :: Logging Active
2022-12-23 13:25:56,694:DEBUG::
2022-12-23 13:26:36,969:DEBUG::
2022-12-23 13:26:36,970:DEBUG::====================================================================================================
2022-12-23 13:26:36,970:INFO::Blog Forms Section :: Logging Active
2022-12-23 13:26:36,971:DEBUG::
2022-12-23 13:28:32,625:DEBUG::
2022-12-23 13:28:32,625:DEBUG::====================================================================================================
2022-12-23 13:28:32,626:INFO::Blog Forms Section :: Logging Active
2022-12-23 13:28:32,626:DEBUG::
2022-12-23 13:28:33,874:DEBUG::
2022-12-23 13:28:33,874:DEBUG::====================================================================================================
2022-12-23 13:28:33,874:INFO::Blog Forms Section :: Logging Active
2022-12-23 13:28:33,874:DEBUG::
