2022-12-20 15:04:58,719:DEBUG::
2022-12-20 15:04:58,719:DEBUG::====================================================================================================
2022-12-20 15:04:58,720:INFO::Blog Routes Section :: Logging Active
2022-12-20 15:04:58,720:DEBUG::
2022-12-20 15:06:37,332:DEBUG::
2022-12-20 15:06:37,333:DEBUG::====================================================================================================
2022-12-20 15:06:37,334:INFO::Blog Routes Section :: Logging Active
2022-12-20 15:06:37,334:DEBUG::
2022-12-20 15:10:43,897:DEBUG::
2022-12-20 15:10:43,897:DEBUG::====================================================================================================
2022-12-20 15:10:43,897:INFO::Blog Routes Section :: Logging Active
2022-12-20 15:10:43,901:DEBUG::
2022-12-20 15:12:36,535:DEBUG::
2022-12-20 15:12:36,535:DEBUG::====================================================================================================
2022-12-20 15:12:36,535:INFO::Blog Routes Section :: Logging Active
2022-12-20 15:12:36,536:DEBUG::
2022-12-20 15:14:51,810:DEBUG::
2022-12-20 15:14:51,811:DEBUG::====================================================================================================
2022-12-20 15:14:51,811:INFO::Blog Routes Section :: Logging Active
2022-12-20 15:14:51,811:DEBUG::
2022-12-20 15:26:19,133:DEBUG::
2022-12-20 15:26:19,133:DEBUG::====================================================================================================
2022-12-20 15:26:19,134:INFO::Blog Routes Section :: Logging Active
2022-12-20 15:26:19,134:DEBUG::
2022-12-20 15:31:31,609:DEBUG::
2022-12-20 15:31:31,609:DEBUG::====================================================================================================
2022-12-20 15:31:31,610:INFO::Blog Routes Section :: Logging Active
2022-12-20 15:31:31,610:DEBUG::
2022-12-20 15:36:12,130:DEBUG::
2022-12-20 15:36:12,131:DEBUG::====================================================================================================
2022-12-20 15:36:12,131:INFO::Blog Routes Section :: Logging Active
2022-12-20 15:36:12,132:DEBUG::
2022-12-20 18:36:49,851:DEBUG::
2022-12-20 18:36:49,852:DEBUG::====================================================================================================
2022-12-20 18:36:49,852:INFO::Blog Routes Section :: Logging Active
2022-12-20 18:36:49,852:DEBUG::
2022-12-20 18:37:22,778:DEBUG::
2022-12-20 18:37:22,779:DEBUG::====================================================================================================
2022-12-20 18:37:22,779:INFO::Blog Routes Section :: Logging Active
2022-12-20 18:37:22,779:DEBUG::
2022-12-20 18:50:14,972:DEBUG::
2022-12-20 18:50:14,972:DEBUG::====================================================================================================
2022-12-20 18:50:14,973:INFO::Blog Routes Section :: Logging Active
2022-12-20 18:50:14,973:DEBUG::
2022-12-20 18:51:00,253:DEBUG::
2022-12-20 18:51:00,253:DEBUG::====================================================================================================
2022-12-20 18:51:00,254:INFO::Blog Routes Section :: Logging Active
2022-12-20 18:51:00,254:DEBUG::
2022-12-20 18:51:55,681:DEBUG::
2022-12-20 18:51:55,681:DEBUG::====================================================================================================
2022-12-20 18:51:55,682:INFO::Blog Routes Section :: Logging Active
2022-12-20 18:51:55,682:DEBUG::
2022-12-20 18:54:04,455:DEBUG::
2022-12-20 18:54:04,455:DEBUG::====================================================================================================
2022-12-20 18:54:04,456:INFO::Blog Routes Section :: Logging Active
2022-12-20 18:54:04,456:DEBUG::
2022-12-20 18:57:43,253:DEBUG::
2022-12-20 18:57:43,253:DEBUG::====================================================================================================
2022-12-20 18:57:43,254:INFO::Blog Routes Section :: Logging Active
2022-12-20 18:57:43,254:DEBUG::
2022-12-20 19:14:40,768:DEBUG::
2022-12-20 19:14:40,769:DEBUG::====================================================================================================
2022-12-20 19:14:40,769:INFO::Blog Routes Section :: Logging Active
2022-12-20 19:14:40,770:DEBUG::
2022-12-20 19:14:41,974:DEBUG::
2022-12-20 19:14:41,974:DEBUG::====================================================================================================
2022-12-20 19:14:41,975:INFO::Blog Routes Section :: Logging Active
2022-12-20 19:14:41,975:DEBUG::
2022-12-20 19:18:43,371:DEBUG::
2022-12-20 19:18:43,371:DEBUG::====================================================================================================
2022-12-20 19:18:43,371:INFO::Blog Routes Section :: Logging Active
2022-12-20 19:18:43,372:DEBUG::
2022-12-20 19:19:12,263:DEBUG::
2022-12-20 19:19:12,263:DEBUG::====================================================================================================
2022-12-20 19:19:12,263:INFO::Blog Routes Section :: Logging Active
2022-12-20 19:19:12,264:DEBUG::
2022-12-20 22:45:40,079:DEBUG::
2022-12-20 22:45:40,079:DEBUG::====================================================================================================
2022-12-20 22:45:40,080:INFO::Blog Routes Section :: Logging Active
2022-12-20 22:45:40,080:DEBUG::
2022-12-20 22:46:33,534:DEBUG::
2022-12-20 22:46:33,534:DEBUG::====================================================================================================
2022-12-20 22:46:33,535:INFO::Blog Routes Section :: Logging Active
2022-12-20 22:46:33,535:DEBUG::
2022-12-20 23:09:35,030:DEBUG::
2022-12-20 23:09:35,030:DEBUG::====================================================================================================
2022-12-20 23:09:35,031:INFO::Blog Routes Section :: Logging Active
2022-12-20 23:09:35,031:DEBUG::
2022-12-20 23:15:39,678:DEBUG::
2022-12-20 23:15:39,678:DEBUG::====================================================================================================
2022-12-20 23:15:39,679:INFO::Blog Routes Section :: Logging Active
2022-12-20 23:15:39,679:DEBUG::
2022-12-20 23:16:06,549:DEBUG::
2022-12-20 23:16:06,550:DEBUG::====================================================================================================
2022-12-20 23:16:06,550:INFO::Blog Routes Section :: Logging Active
2022-12-20 23:16:06,550:DEBUG::
2022-12-21 00:50:58,086:DEBUG::
2022-12-21 00:50:58,086:DEBUG::====================================================================================================
2022-12-21 00:50:58,087:INFO::Blog Routes Section :: Logging Active
2022-12-21 00:50:58,087:DEBUG::
2022-12-21 00:50:59,268:DEBUG::
2022-12-21 00:50:59,268:DEBUG::====================================================================================================
2022-12-21 00:50:59,269:INFO::Blog Routes Section :: Logging Active
2022-12-21 00:50:59,269:DEBUG::
2022-12-21 00:51:34,052:DEBUG::
2022-12-21 00:51:34,053:DEBUG::====================================================================================================
2022-12-21 00:51:34,053:INFO::Blog Routes Section :: Logging Active
2022-12-21 00:51:34,053:DEBUG::
2022-12-21 00:55:35,806:DEBUG::
2022-12-21 00:55:35,807:DEBUG::====================================================================================================
2022-12-21 00:55:35,807:INFO::Blog Routes Section :: Logging Active
2022-12-21 00:55:35,808:DEBUG::
2022-12-21 02:15:20,768:DEBUG::
2022-12-21 02:15:20,769:DEBUG::====================================================================================================
2022-12-21 02:15:20,769:INFO::Blog Routes Section :: Logging Active
2022-12-21 02:15:20,770:DEBUG::
2022-12-21 02:29:27,450:DEBUG::
2022-12-21 02:29:27,451:DEBUG::====================================================================================================
2022-12-21 02:29:27,451:INFO::Blog Routes Section :: Logging Active
2022-12-21 02:29:27,452:DEBUG::
2022-12-21 02:29:35,602:DEBUG::
2022-12-21 02:29:35,603:DEBUG::====================================================================================================
2022-12-21 02:29:35,603:INFO::Blog Routes Section :: Logging Active
2022-12-21 02:29:35,604:DEBUG::
2022-12-21 23:11:16,036:DEBUG::
2022-12-21 23:11:16,037:DEBUG::====================================================================================================
2022-12-21 23:11:16,037:INFO::Blog Routes Section :: Logging Active
2022-12-21 23:11:16,037:DEBUG::
2022-12-21 23:12:22,988:DEBUG::
2022-12-21 23:12:22,988:DEBUG::====================================================================================================
2022-12-21 23:12:22,989:INFO::Blog Routes Section :: Logging Active
2022-12-21 23:12:22,989:DEBUG::
2022-12-21 23:14:04,078:DEBUG::
2022-12-21 23:14:04,079:DEBUG::====================================================================================================
2022-12-21 23:14:04,079:INFO::Blog Routes Section :: Logging Active
2022-12-21 23:14:04,080:DEBUG::
2022-12-21 23:29:40,170:DEBUG::
2022-12-21 23:29:40,170:DEBUG::====================================================================================================
2022-12-21 23:29:40,171:INFO::Blog Routes Section :: Logging Active
2022-12-21 23:29:40,171:DEBUG::
2022-12-21 23:34:35,292:DEBUG::
2022-12-21 23:34:35,292:DEBUG::====================================================================================================
2022-12-21 23:34:35,293:INFO::Blog Routes Section :: Logging Active
2022-12-21 23:34:35,293:DEBUG::
2022-12-21 23:34:36,475:DEBUG::
2022-12-21 23:34:36,476:DEBUG::====================================================================================================
2022-12-21 23:34:36,476:INFO::Blog Routes Section :: Logging Active
2022-12-21 23:34:36,477:DEBUG::
2022-12-21 23:48:54,398:DEBUG::
2022-12-21 23:48:54,398:DEBUG::====================================================================================================
2022-12-21 23:48:54,398:INFO::Blog Routes Section :: Logging Active
2022-12-21 23:48:54,399:DEBUG::
2022-12-21 23:49:51,857:DEBUG::
2022-12-21 23:49:51,858:DEBUG::====================================================================================================
2022-12-21 23:49:51,858:INFO::Blog Routes Section :: Logging Active
2022-12-21 23:49:51,859:DEBUG::
2022-12-21 23:54:14,578:DEBUG::
2022-12-21 23:54:14,578:DEBUG::====================================================================================================
2022-12-21 23:54:14,578:INFO::Blog Routes Section :: Logging Active
2022-12-21 23:54:14,579:DEBUG::
2022-12-22 00:00:32,426:DEBUG::
2022-12-22 00:00:32,426:DEBUG::====================================================================================================
2022-12-22 00:00:32,427:INFO::Blog Routes Section :: Logging Active
2022-12-22 00:00:32,427:DEBUG::
2022-12-22 00:28:03,534:DEBUG::
2022-12-22 00:28:03,534:DEBUG::====================================================================================================
2022-12-22 00:28:03,535:INFO::Blog Routes Section :: Logging Active
2022-12-22 00:28:03,535:DEBUG::
2022-12-22 00:32:44,643:DEBUG::
2022-12-22 00:32:44,643:DEBUG::====================================================================================================
2022-12-22 00:32:44,644:INFO::Blog Routes Section :: Logging Active
2022-12-22 00:32:44,644:DEBUG::
2022-12-22 00:32:45,963:DEBUG::
2022-12-22 00:32:45,963:DEBUG::====================================================================================================
2022-12-22 00:32:45,964:INFO::Blog Routes Section :: Logging Active
2022-12-22 00:32:45,964:DEBUG::
2022-12-22 00:34:03,397:DEBUG::
2022-12-22 00:34:03,398:DEBUG::====================================================================================================
2022-12-22 00:34:03,398:INFO::Blog Routes Section :: Logging Active
2022-12-22 00:34:03,399:DEBUG::
2022-12-22 00:44:18,002:DEBUG::
2022-12-22 00:44:18,003:DEBUG::====================================================================================================
2022-12-22 00:44:18,003:INFO::Blog Routes Section :: Logging Active
2022-12-22 00:44:18,004:DEBUG::
2022-12-22 00:46:19,366:DEBUG::
2022-12-22 00:46:19,367:DEBUG::====================================================================================================
2022-12-22 00:46:19,367:INFO::Blog Routes Section :: Logging Active
2022-12-22 00:46:19,367:DEBUG::
2022-12-22 00:47:29,555:DEBUG::
2022-12-22 00:47:29,555:DEBUG::====================================================================================================
2022-12-22 00:47:29,556:INFO::Blog Routes Section :: Logging Active
2022-12-22 00:47:29,556:DEBUG::
2022-12-22 00:47:43,201:DEBUG::
2022-12-22 00:47:43,202:DEBUG::====================================================================================================
2022-12-22 00:47:43,202:INFO::Blog Routes Section :: Logging Active
2022-12-22 00:47:43,203:DEBUG::
2022-12-22 00:48:12,736:DEBUG::
2022-12-22 00:48:12,737:DEBUG::====================================================================================================
2022-12-22 00:48:12,737:INFO::Blog Routes Section :: Logging Active
2022-12-22 00:48:12,737:DEBUG::
2022-12-22 00:48:30,789:DEBUG::
2022-12-22 00:48:30,789:DEBUG::====================================================================================================
2022-12-22 00:48:30,790:INFO::Blog Routes Section :: Logging Active
2022-12-22 00:48:30,791:DEBUG::
2022-12-22 00:52:48,191:DEBUG::
2022-12-22 00:52:48,192:DEBUG::====================================================================================================
2022-12-22 00:52:48,192:INFO::Blog Routes Section :: Logging Active
2022-12-22 00:52:48,193:DEBUG::
2022-12-22 00:53:03,816:DEBUG::
2022-12-22 00:53:03,817:DEBUG::====================================================================================================
2022-12-22 00:53:03,817:INFO::Blog Routes Section :: Logging Active
2022-12-22 00:53:03,818:DEBUG::
2022-12-22 00:53:28,428:DEBUG::
2022-12-22 00:53:28,428:DEBUG::====================================================================================================
2022-12-22 00:53:28,429:INFO::Blog Routes Section :: Logging Active
2022-12-22 00:53:28,429:DEBUG::
2022-12-22 00:58:56,948:DEBUG::
2022-12-22 00:58:56,948:DEBUG::====================================================================================================
2022-12-22 00:58:56,949:INFO::Blog Routes Section :: Logging Active
2022-12-22 00:58:56,949:DEBUG::
2022-12-22 00:59:07,558:DEBUG::
2022-12-22 00:59:07,558:DEBUG::====================================================================================================
2022-12-22 00:59:07,559:INFO::Blog Routes Section :: Logging Active
2022-12-22 00:59:07,559:DEBUG::
2022-12-22 04:00:53,141:DEBUG::
2022-12-22 04:00:53,141:DEBUG::====================================================================================================
2022-12-22 04:00:53,142:INFO::Blog Routes Section :: Logging Active
2022-12-22 04:00:53,142:DEBUG::
2022-12-22 04:00:54,387:DEBUG::
2022-12-22 04:00:54,387:DEBUG::====================================================================================================
2022-12-22 04:00:54,388:INFO::Blog Routes Section :: Logging Active
2022-12-22 04:00:54,388:DEBUG::
2022-12-22 04:03:15,460:DEBUG::
2022-12-22 04:03:15,460:DEBUG::====================================================================================================
2022-12-22 04:03:15,461:INFO::Blog Routes Section :: Logging Active
2022-12-22 04:03:15,461:DEBUG::
2022-12-22 04:03:16,734:DEBUG::
2022-12-22 04:03:16,735:DEBUG::====================================================================================================
2022-12-22 04:03:16,735:INFO::Blog Routes Section :: Logging Active
2022-12-22 04:03:16,735:DEBUG::
2022-12-22 04:36:11,724:DEBUG::
2022-12-22 04:36:11,725:DEBUG::====================================================================================================
2022-12-22 04:36:11,725:INFO::Blog Routes Section :: Logging Active
2022-12-22 04:36:11,725:DEBUG::
2022-12-22 04:42:54,010:DEBUG::
2022-12-22 04:42:54,011:DEBUG::====================================================================================================
2022-12-22 04:42:54,011:INFO::Blog Routes Section :: Logging Active
2022-12-22 04:42:54,012:DEBUG::
2022-12-22 04:43:02,424:DEBUG::
2022-12-22 04:43:02,424:DEBUG::====================================================================================================
2022-12-22 04:43:02,425:INFO::Blog Routes Section :: Logging Active
2022-12-22 04:43:02,425:DEBUG::
2022-12-22 04:43:13,919:DEBUG::
2022-12-22 04:43:13,921:DEBUG::====================================================================================================
2022-12-22 04:43:13,921:INFO::Blog Routes Section :: Logging Active
2022-12-22 04:43:13,922:DEBUG::
2022-12-22 04:43:25,418:DEBUG::
2022-12-22 04:43:25,419:DEBUG::====================================================================================================
2022-12-22 04:43:25,419:INFO::Blog Routes Section :: Logging Active
2022-12-22 04:43:25,419:DEBUG::
2022-12-22 04:44:24,519:DEBUG::
2022-12-22 04:44:24,519:DEBUG::====================================================================================================
2022-12-22 04:44:24,520:INFO::Blog Routes Section :: Logging Active
2022-12-22 04:44:24,520:DEBUG::
2022-12-22 23:25:52,756:DEBUG::
2022-12-22 23:25:52,757:DEBUG::====================================================================================================
2022-12-22 23:25:52,757:INFO::Blog Routes Section :: Logging Active
2022-12-22 23:25:52,757:DEBUG::
2022-12-22 23:29:11,653:DEBUG::
2022-12-22 23:29:11,654:DEBUG::====================================================================================================
2022-12-22 23:29:11,654:INFO::Blog Routes Section :: Logging Active
2022-12-22 23:29:11,655:DEBUG::
2022-12-22 23:29:24,886:DEBUG::
2022-12-22 23:29:24,887:DEBUG::====================================================================================================
2022-12-22 23:29:24,887:INFO::Blog Routes Section :: Logging Active
2022-12-22 23:29:24,888:DEBUG::
2022-12-22 23:46:56,505:DEBUG::
2022-12-22 23:46:56,506:DEBUG::====================================================================================================
2022-12-22 23:46:56,506:INFO::Blog Routes Section :: Logging Active
2022-12-22 23:46:56,507:DEBUG::
2022-12-22 23:47:14,716:DEBUG::
2022-12-22 23:47:14,717:DEBUG::====================================================================================================
2022-12-22 23:47:14,717:INFO::Blog Routes Section :: Logging Active
2022-12-22 23:47:14,718:DEBUG::
2022-12-22 23:47:47,299:DEBUG::
2022-12-22 23:47:47,299:DEBUG::====================================================================================================
2022-12-22 23:47:47,300:INFO::Blog Routes Section :: Logging Active
2022-12-22 23:47:47,300:DEBUG::
2022-12-22 23:47:57,576:DEBUG::
2022-12-22 23:47:57,576:DEBUG::====================================================================================================
2022-12-22 23:47:57,577:INFO::Blog Routes Section :: Logging Active
2022-12-22 23:47:57,577:DEBUG::
2022-12-22 23:49:26,312:DEBUG::
2022-12-22 23:49:26,312:DEBUG::====================================================================================================
2022-12-22 23:49:26,313:INFO::Blog Routes Section :: Logging Active
2022-12-22 23:49:26,313:DEBUG::
2022-12-22 23:49:27,524:DEBUG::
2022-12-22 23:49:27,524:DEBUG::====================================================================================================
2022-12-22 23:49:27,524:INFO::Blog Routes Section :: Logging Active
2022-12-22 23:49:27,525:DEBUG::
2022-12-22 23:51:04,203:DEBUG::
2022-12-22 23:51:04,203:DEBUG::====================================================================================================
2022-12-22 23:51:04,203:INFO::Blog Routes Section :: Logging Active
2022-12-22 23:51:04,204:DEBUG::
2022-12-22 23:51:38,280:DEBUG::
2022-12-22 23:51:38,280:DEBUG::====================================================================================================
2022-12-22 23:51:38,281:INFO::Blog Routes Section :: Logging Active
2022-12-22 23:51:38,281:DEBUG::
2022-12-22 23:52:59,576:DEBUG::
2022-12-22 23:52:59,577:DEBUG::====================================================================================================
2022-12-22 23:52:59,577:INFO::Blog Routes Section :: Logging Active
2022-12-22 23:52:59,578:DEBUG::
2022-12-22 23:53:50,231:DEBUG::
2022-12-22 23:53:50,231:DEBUG::====================================================================================================
2022-12-22 23:53:50,232:INFO::Blog Routes Section :: Logging Active
2022-12-22 23:53:50,232:DEBUG::
2022-12-23 00:12:00,270:DEBUG::
2022-12-23 00:12:00,271:DEBUG::====================================================================================================
2022-12-23 00:12:00,271:INFO::Blog Routes Section :: Logging Active
2022-12-23 00:12:00,272:DEBUG::
2022-12-23 00:12:11,812:DEBUG::
2022-12-23 00:12:11,812:DEBUG::====================================================================================================
2022-12-23 00:12:11,813:INFO::Blog Routes Section :: Logging Active
2022-12-23 00:12:11,814:DEBUG::
2022-12-23 00:12:30,618:DEBUG::
2022-12-23 00:12:30,618:DEBUG::====================================================================================================
2022-12-23 00:12:30,618:INFO::Blog Routes Section :: Logging Active
2022-12-23 00:12:30,619:DEBUG::
2022-12-23 00:16:30,660:DEBUG::
2022-12-23 00:16:30,660:DEBUG::====================================================================================================
2022-12-23 00:16:30,661:INFO::Blog Routes Section :: Logging Active
2022-12-23 00:16:30,661:DEBUG::
2022-12-23 00:20:28,557:DEBUG::
2022-12-23 00:20:28,557:DEBUG::====================================================================================================
2022-12-23 00:20:28,557:INFO::Blog Routes Section :: Logging Active
2022-12-23 00:20:28,558:DEBUG::
2022-12-23 00:47:41,463:DEBUG::
2022-12-23 00:47:41,463:DEBUG::====================================================================================================
2022-12-23 00:47:41,464:INFO::Blog Routes Section :: Logging Active
2022-12-23 00:47:41,464:DEBUG::
2022-12-23 00:47:42,665:DEBUG::
2022-12-23 00:47:42,665:DEBUG::====================================================================================================
2022-12-23 00:47:42,666:INFO::Blog Routes Section :: Logging Active
2022-12-23 00:47:42,666:DEBUG::
2022-12-23 00:55:19,813:DEBUG::
2022-12-23 00:55:19,814:DEBUG::====================================================================================================
2022-12-23 00:55:19,814:INFO::Blog Routes Section :: Logging Active
2022-12-23 00:55:19,814:DEBUG::
2022-12-23 00:56:09,286:DEBUG::
2022-12-23 00:56:09,287:DEBUG::====================================================================================================
2022-12-23 00:56:09,287:INFO::Blog Routes Section :: Logging Active
2022-12-23 00:56:09,288:DEBUG::
2022-12-23 00:56:24,974:DEBUG::
2022-12-23 00:56:24,974:DEBUG::====================================================================================================
2022-12-23 00:56:24,975:INFO::Blog Routes Section :: Logging Active
2022-12-23 00:56:24,975:DEBUG::
2022-12-23 00:56:51,942:DEBUG::
2022-12-23 00:56:51,942:DEBUG::====================================================================================================
2022-12-23 00:56:51,943:INFO::Blog Routes Section :: Logging Active
2022-12-23 00:56:51,943:DEBUG::
2022-12-23 00:57:00,468:DEBUG::
2022-12-23 00:57:00,468:DEBUG::====================================================================================================
2022-12-23 00:57:00,469:INFO::Blog Routes Section :: Logging Active
2022-12-23 00:57:00,469:DEBUG::
2022-12-23 00:58:34,015:DEBUG::
2022-12-23 00:58:34,016:DEBUG::====================================================================================================
2022-12-23 00:58:34,016:INFO::Blog Routes Section :: Logging Active
2022-12-23 00:58:34,017:DEBUG::
2022-12-23 00:58:44,492:DEBUG::
2022-12-23 00:58:44,493:DEBUG::====================================================================================================
2022-12-23 00:58:44,493:INFO::Blog Routes Section :: Logging Active
2022-12-23 00:58:44,493:DEBUG::
2022-12-23 01:00:44,669:DEBUG::
2022-12-23 01:00:44,669:DEBUG::====================================================================================================
2022-12-23 01:00:44,670:INFO::Blog Routes Section :: Logging Active
2022-12-23 01:00:44,670:DEBUG::
2022-12-23 01:01:51,434:DEBUG::
2022-12-23 01:01:51,435:DEBUG::====================================================================================================
2022-12-23 01:01:51,435:INFO::Blog Routes Section :: Logging Active
2022-12-23 01:01:51,436:DEBUG::
2022-12-23 01:03:38,103:DEBUG::
2022-12-23 01:03:38,103:DEBUG::====================================================================================================
2022-12-23 01:03:38,104:INFO::Blog Routes Section :: Logging Active
2022-12-23 01:03:38,104:DEBUG::
2022-12-23 01:04:52,086:DEBUG::
2022-12-23 01:04:52,086:DEBUG::====================================================================================================
2022-12-23 01:04:52,087:INFO::Blog Routes Section :: Logging Active
2022-12-23 01:04:52,087:DEBUG::
2022-12-23 01:05:13,002:DEBUG::
2022-12-23 01:05:13,002:DEBUG::====================================================================================================
2022-12-23 01:05:13,003:INFO::Blog Routes Section :: Logging Active
2022-12-23 01:05:13,003:DEBUG::
2022-12-23 01:12:30,476:DEBUG::
2022-12-23 01:12:30,476:DEBUG::====================================================================================================
2022-12-23 01:12:30,477:INFO::Blog Routes Section :: Logging Active
2022-12-23 01:12:30,477:DEBUG::
2022-12-23 01:14:24,544:DEBUG::
2022-12-23 01:14:24,544:DEBUG::====================================================================================================
2022-12-23 01:14:24,545:INFO::Blog Routes Section :: Logging Active
2022-12-23 01:14:24,545:DEBUG::
2022-12-23 01:14:30,075:DEBUG::
2022-12-23 01:14:30,075:DEBUG::====================================================================================================
2022-12-23 01:14:30,076:INFO::Blog Routes Section :: Logging Active
2022-12-23 01:14:30,076:DEBUG::
2022-12-23 01:16:22,032:DEBUG::
2022-12-23 01:16:22,032:DEBUG::====================================================================================================
2022-12-23 01:16:22,033:INFO::Blog Routes Section :: Logging Active
2022-12-23 01:16:22,033:DEBUG::
2022-12-23 01:18:48,885:DEBUG::
2022-12-23 01:18:48,885:DEBUG::====================================================================================================
2022-12-23 01:18:48,886:INFO::Blog Routes Section :: Logging Active
2022-12-23 01:18:48,886:DEBUG::
2022-12-23 01:19:46,947:DEBUG::
2022-12-23 01:19:46,948:DEBUG::====================================================================================================
2022-12-23 01:19:46,948:INFO::Blog Routes Section :: Logging Active
2022-12-23 01:19:46,948:DEBUG::
2022-12-23 01:19:48,225:DEBUG::
2022-12-23 01:19:48,226:DEBUG::====================================================================================================
2022-12-23 01:19:48,226:INFO::Blog Routes Section :: Logging Active
2022-12-23 01:19:48,227:DEBUG::
2022-12-23 03:54:01,249:DEBUG::
2022-12-23 03:54:01,250:DEBUG::====================================================================================================
2022-12-23 03:54:01,250:INFO::Blog Routes Section :: Logging Active
2022-12-23 03:54:01,251:DEBUG::
2022-12-23 03:54:08,855:DEBUG::
2022-12-23 03:54:08,855:DEBUG::====================================================================================================
2022-12-23 03:54:08,856:INFO::Blog Routes Section :: Logging Active
2022-12-23 03:54:08,857:DEBUG::
2022-12-23 04:00:08,543:DEBUG::
2022-12-23 04:00:08,543:DEBUG::====================================================================================================
2022-12-23 04:00:08,544:INFO::Blog Routes Section :: Logging Active
2022-12-23 04:00:08,544:DEBUG::
2022-12-23 04:00:45,767:DEBUG::
2022-12-23 04:00:45,768:DEBUG::====================================================================================================
2022-12-23 04:00:45,768:INFO::Blog Routes Section :: Logging Active
2022-12-23 04:00:45,768:DEBUG::
2022-12-23 04:03:35,123:DEBUG::
2022-12-23 04:03:35,123:DEBUG::====================================================================================================
2022-12-23 04:03:35,124:INFO::Blog Routes Section :: Logging Active
2022-12-23 04:03:35,124:DEBUG::
2022-12-23 04:04:48,326:DEBUG::
2022-12-23 04:04:48,327:DEBUG::====================================================================================================
2022-12-23 04:04:48,327:INFO::Blog Routes Section :: Logging Active
2022-12-23 04:04:48,328:DEBUG::
2022-12-23 04:07:48,975:DEBUG::
2022-12-23 04:07:48,975:DEBUG::====================================================================================================
2022-12-23 04:07:48,976:INFO::Blog Routes Section :: Logging Active
2022-12-23 04:07:48,976:DEBUG::
2022-12-23 04:08:08,798:DEBUG::
2022-12-23 04:08:08,799:DEBUG::====================================================================================================
2022-12-23 04:08:08,799:INFO::Blog Routes Section :: Logging Active
2022-12-23 04:08:08,800:DEBUG::
2022-12-23 04:09:23,995:DEBUG::
2022-12-23 04:09:23,995:DEBUG::====================================================================================================
2022-12-23 04:09:23,995:INFO::Blog Routes Section :: Logging Active
2022-12-23 04:09:23,996:DEBUG::
2022-12-23 04:09:45,718:DEBUG::
2022-12-23 04:09:45,719:DEBUG::====================================================================================================
2022-12-23 04:09:45,719:INFO::Blog Routes Section :: Logging Active
2022-12-23 04:09:45,720:DEBUG::
2022-12-23 04:10:05,782:DEBUG::
2022-12-23 04:10:05,782:DEBUG::====================================================================================================
2022-12-23 04:10:05,783:INFO::Blog Routes Section :: Logging Active
2022-12-23 04:10:05,783:DEBUG::
2022-12-23 04:10:07,121:DEBUG::
2022-12-23 04:10:07,122:DEBUG::====================================================================================================
2022-12-23 04:10:07,122:INFO::Blog Routes Section :: Logging Active
2022-12-23 04:10:07,123:DEBUG::
2022-12-23 04:11:14,092:DEBUG::
2022-12-23 04:11:14,093:DEBUG::====================================================================================================
2022-12-23 04:11:14,093:INFO::Blog Routes Section :: Logging Active
2022-12-23 04:11:14,094:DEBUG::
2022-12-23 04:12:08,697:DEBUG::
2022-12-23 04:12:08,697:DEBUG::====================================================================================================
2022-12-23 04:12:08,698:INFO::Blog Routes Section :: Logging Active
2022-12-23 04:12:08,698:DEBUG::
2022-12-23 04:17:16,187:DEBUG::
2022-12-23 04:17:16,187:DEBUG::====================================================================================================
2022-12-23 04:17:16,187:INFO::Blog Routes Section :: Logging Active
2022-12-23 04:17:16,188:DEBUG::
2022-12-23 04:17:32,939:DEBUG::
2022-12-23 04:17:32,939:DEBUG::====================================================================================================
2022-12-23 04:17:32,940:INFO::Blog Routes Section :: Logging Active
2022-12-23 04:17:32,940:DEBUG::
2022-12-23 04:17:35,337:DEBUG::
2022-12-23 04:17:35,338:DEBUG::====================================================================================================
2022-12-23 04:17:35,338:INFO::Blog Routes Section :: Logging Active
2022-12-23 04:17:35,339:DEBUG::
2022-12-23 04:19:02,840:DEBUG::
2022-12-23 04:19:02,840:DEBUG::====================================================================================================
2022-12-23 04:19:02,841:INFO::Blog Routes Section :: Logging Active
2022-12-23 04:19:02,841:DEBUG::
2022-12-23 04:19:09,266:DEBUG::
2022-12-23 04:19:09,266:DEBUG::====================================================================================================
2022-12-23 04:19:09,266:INFO::Blog Routes Section :: Logging Active
2022-12-23 04:19:09,267:DEBUG::
2022-12-23 04:25:37,168:DEBUG::
2022-12-23 04:25:37,168:DEBUG::====================================================================================================
2022-12-23 04:25:37,168:INFO::Blog Routes Section :: Logging Active
2022-12-23 04:25:37,168:DEBUG::
2022-12-23 04:27:48,556:DEBUG::
2022-12-23 04:27:48,556:DEBUG::====================================================================================================
2022-12-23 04:27:48,557:INFO::Blog Routes Section :: Logging Active
2022-12-23 04:27:48,557:DEBUG::
2022-12-23 04:33:49,391:DEBUG::
2022-12-23 04:33:49,391:DEBUG::====================================================================================================
2022-12-23 04:33:49,392:INFO::Blog Routes Section :: Logging Active
2022-12-23 04:33:49,392:DEBUG::
2022-12-23 04:34:21,410:DEBUG::
2022-12-23 04:34:21,411:DEBUG::====================================================================================================
2022-12-23 04:34:21,411:INFO::Blog Routes Section :: Logging Active
2022-12-23 04:34:21,412:DEBUG::
2022-12-23 04:35:24,189:DEBUG::
2022-12-23 04:35:24,190:DEBUG::====================================================================================================
2022-12-23 04:35:24,190:INFO::Blog Routes Section :: Logging Active
2022-12-23 04:35:24,191:DEBUG::
2022-12-23 04:38:08,248:DEBUG::
2022-12-23 04:38:08,248:DEBUG::====================================================================================================
2022-12-23 04:38:08,248:INFO::Blog Routes Section :: Logging Active
2022-12-23 04:38:08,249:DEBUG::
2022-12-23 04:38:12,024:ERROR::'AnonymousUserMixin' object has no attribute 'get_blogger_name'
Traceback (most recent call last):
  File "C:\Users\Adefolahan\Downloads\WA_AGRO-20221218T221833Z-001\BLOG\app\blog\routes.py", line 151, in blogger_home
    return render_template('blogger.html', Blogger_Name=current_user.get_blogger_name(), Blogger_Position = current_user.get_blogger_position())
AttributeError: 'AnonymousUserMixin' object has no attribute 'get_blogger_name'
2022-12-23 04:39:03,846:DEBUG::
2022-12-23 04:39:03,846:DEBUG::====================================================================================================
2022-12-23 04:39:03,847:INFO::Blog Routes Section :: Logging Active
2022-12-23 04:39:03,847:DEBUG::
2022-12-23 04:39:08,083:ERROR::'AnonymousUserMixin' object has no attribute 'get_blogger_name'
Traceback (most recent call last):
  File "C:\Users\Adefolahan\Downloads\WA_AGRO-20221218T221833Z-001\BLOG\app\blog\routes.py", line 151, in blogger_home
    return render_template('blogger.html', Blogger_Name=current_user.get_blogger_name(), Blogger_Position = current_user.get_blogger_position())
AttributeError: 'AnonymousUserMixin' object has no attribute 'get_blogger_name'
2022-12-23 13:25:23,640:DEBUG::
2022-12-23 13:25:23,640:DEBUG::====================================================================================================
2022-12-23 13:25:23,641:INFO::Blog Routes Section :: Logging Active
2022-12-23 13:25:23,641:DEBUG::
2022-12-23 13:25:56,698:DEBUG::
2022-12-23 13:25:56,699:DEBUG::====================================================================================================
2022-12-23 13:25:56,699:INFO::Blog Routes Section :: Logging Active
2022-12-23 13:25:56,699:DEBUG::
2022-12-23 13:26:36,975:DEBUG::
2022-12-23 13:26:36,976:DEBUG::====================================================================================================
2022-12-23 13:26:36,976:INFO::Blog Routes Section :: Logging Active
2022-12-23 13:26:36,977:DEBUG::
2022-12-23 13:28:32,630:DEBUG::
2022-12-23 13:28:32,631:DEBUG::====================================================================================================
2022-12-23 13:28:32,631:INFO::Blog Routes Section :: Logging Active
2022-12-23 13:28:32,632:DEBUG::
2022-12-23 13:28:33,879:DEBUG::
2022-12-23 13:28:33,879:DEBUG::====================================================================================================
2022-12-23 13:28:33,880:INFO::Blog Routes Section :: Logging Active
2022-12-23 13:28:33,880:DEBUG::
